INFO 2026-01-02 12:00:12,295 autoreload 24008 11460 Watching for file changes with StatReloader
INFO 2026-01-02 12:00:58,709 autoreload 24008 11460 D:\Work Space\dajngo\X-link\config\settings.py changed, reloading.
INFO 2026-01-02 12:01:01,276 autoreload 9196 23728 Watching for file changes with StatReloader
INFO 2026-01-02 12:01:22,131 autoreload 15120 14544 Watching for file changes with StatReloader
INFO 2026-01-02 12:01:25,246 basehttp 15120 12388 "GET / HTTP/1.1" 200 16421
INFO 2026-01-02 12:01:25,268 basehttp 15120 12388 "GET /static/styles.css HTTP/1.1" 304 0
INFO 2026-01-02 12:01:25,273 basehttp 15120 4020 "GET /static/carousel.js HTTP/1.1" 304 0
INFO 2026-01-02 12:01:25,274 basehttp 15120 12388 "GET /static/script.js HTTP/1.1" 304 0
INFO 2026-01-02 12:01:25,274 basehttp 15120 7608 "GET /static/pricing-landing.js HTTP/1.1" 304 0
WARNING 2026-01-02 12:01:25,384 log 15120 7608 Not Found: /favicon.ico
WARNING 2026-01-02 12:01:25,384 basehttp 15120 7608 "GET /favicon.ico HTTP/1.1" 404 6077
INFO 2026-01-02 12:01:27,822 basehttp 15120 7608 "GET / HTTP/1.1" 200 16421
INFO 2026-01-02 12:01:29,363 basehttp 15120 7608 "GET /pricing/ HTTP/1.1" 200 16453
INFO 2026-01-02 12:01:29,379 basehttp 15120 12388 "GET /static/pricing-farsi.js HTTP/1.1" 304 0
INFO 2026-01-02 12:01:29,379 basehttp 15120 7608 "GET /static/pricing-farsi.css HTTP/1.1" 304 0
INFO 2026-01-02 12:02:13,392 basehttp 15120 7608 "GET /pricing/ HTTP/1.1" 200 16507
INFO 2026-01-02 12:02:19,435 basehttp 15120 7608 "GET /pricing/ HTTP/1.1" 200 16453
INFO 2026-01-02 12:05:15,481 basehttp 15120 7608 "GET / HTTP/1.1" 200 16731
INFO 2026-01-02 12:07:03,105 basehttp 15120 7608 "GET / HTTP/1.1" 200 16750
INFO 2026-01-02 12:07:49,814 basehttp 15120 7608 "GET /pricing/ HTTP/1.1" 200 16782
INFO 2026-01-02 12:08:07,954 autoreload 15120 14544 D:\Work Space\dajngo\X-link\Billing\urls.py changed, reloading.
INFO 2026-01-02 12:08:08,820 autoreload 7548 14748 Watching for file changes with StatReloader
INFO 2026-01-02 12:08:54,407 autoreload 7548 14748 D:\Work Space\dajngo\X-link\Billing\views.py changed, reloading.
INFO 2026-01-02 12:08:55,108 autoreload 22036 22140 Watching for file changes with StatReloader
INFO 2026-01-02 12:10:56,427 basehttp 22036 21848 "GET /pricing/ HTTP/1.1" 200 16782
INFO 2026-01-02 12:10:59,522 basehttp 22036 21848 "GET /pricing/ HTTP/1.1" 200 16782
INFO 2026-01-02 12:25:42,816 basehttp 22036 5880 "GET /?period=annual HTTP/1.1" 200 16750
INFO 2026-01-02 12:25:57,904 basehttp 22036 5880 "GET / HTTP/1.1" 200 16750
INFO 2026-01-02 12:29:12,151 basehttp 22036 5880 "GET / HTTP/1.1" 200 16750
INFO 2026-01-02 12:29:17,900 basehttp 22036 5880 "GET /pricing/ HTTP/1.1" 200 16782
INFO 2026-01-02 12:29:21,634 basehttp 22036 5880 "GET /pricing/?period=annual HTTP/1.1" 200 16782
INFO 2026-01-02 12:29:23,384 basehttp 22036 5880 "GET /pricing/?period=monthly HTTP/1.1" 200 16782
INFO 2026-01-02 12:36:55,301 autoreload 22036 22140 D:\Work Space\dajngo\X-link\config\settings.py changed, reloading.
INFO 2026-01-02 12:36:55,885 autoreload 12788 21772 Watching for file changes with StatReloader
INFO 2026-01-02 12:39:33,095 autoreload 12788 21772 D:\Work Space\dajngo\X-link\config\settings.py changed, reloading.
INFO 2026-01-02 12:39:33,780 autoreload 15416 22628 Watching for file changes with StatReloader
INFO 2026-01-02 12:40:28,763 autoreload 15416 22628 D:\Work Space\dajngo\X-link\telegram_bot\apps.py changed, reloading.
INFO 2026-01-02 12:40:29,494 autoreload 22548 15368 Watching for file changes with StatReloader
INFO 2026-01-02 12:41:32,028 autoreload 12064 3488 Watching for file changes with StatReloader
INFO 2026-01-02 12:41:34,519 basehttp 12064 10660 "GET / HTTP/1.1" 200 16750
INFO 2026-01-02 12:41:58,325 basehttp 12064 10660 "GET / HTTP/1.1" 200 16750
INFO 2026-01-02 16:18:41,484 autoreload 22628 21444 Watching for file changes with StatReloader
INFO 2026-01-02 16:18:45,335 log 22628 17316 "GET / HTTP/1.1" 200 16750
WARNING 2026-01-02 16:18:45,562 log 22628 17316 Not Found: /favicon.ico
WARNING 2026-01-02 16:18:45,564 log 22628 17316 "GET /favicon.ico HTTP/1.1" 404 6077
INFO 2026-01-02 16:19:15,679 log 22628 17896 "GET /dashboard HTTP/1.1" 302 0
ERROR 2026-01-02 16:19:15,714 log 22628 17896 Internal Server Error: /register
Traceback (most recent call last):
  File "D:\Work Space\dajngo\X-link\.venv\Lib\site-packages\django\core\handlers\exception.py", line 55, in inner
    response = get_response(request)
  File "D:\Work Space\dajngo\X-link\.venv\Lib\site-packages\django\core\handlers\base.py", line 198, in _get_response
    response = wrapped_callback(request, *callback_args, **callback_kwargs)
  File "D:\Work Space\dajngo\X-link\core\views.py", line 204, in login_view
    return render(
        request,
    ...<3 lines>...
        }
    )
  File "D:\Work Space\dajngo\X-link\.venv\Lib\site-packages\django\shortcuts.py", line 25, in render
    content = loader.render_to_string(template_name, context, request, using=using)
  File "D:\Work Space\dajngo\X-link\.venv\Lib\site-packages\django\template\loader.py", line 62, in render_to_string
    return template.render(context, request)
           ~~~~~~~~~~~~~~~^^^^^^^^^^^^^^^^^^
  File "D:\Work Space\dajngo\X-link\.venv\Lib\site-packages\django\template\backends\django.py", line 107, in render
    return self.template.render(context)
           ~~~~~~~~~~~~~~~~~~~~^^^^^^^^^
  File "D:\Work Space\dajngo\X-link\.venv\Lib\site-packages\django\template\base.py", line 174, in render
    return self._render(context)
           ~~~~~~~~~~~~^^^^^^^^^
  File "D:\Work Space\dajngo\X-link\.venv\Lib\site-packages\django\template\base.py", line 166, in _render
    return self.nodelist.render(context)
           ~~~~~~~~~~~~~~~~~~~~^^^^^^^^^
  File "D:\Work Space\dajngo\X-link\.venv\Lib\site-packages\django\template\base.py", line 1091, in render
    return SafeString("".join([node.render_annotated(context) for node in self]))
                               ~~~~~~~~~~~~~~~~~~~~~^^^^^^^^^
  File "D:\Work Space\dajngo\X-link\.venv\Lib\site-packages\django\template\base.py", line 1052, in render_annotated
    return self.render(context)
           ~~~~~~~~~~~^^^^^^^^^
  File "D:\Work Space\dajngo\X-link\.venv\Lib\site-packages\django\template\loader_tags.py", line 160, in render
    return compiled_parent._render(context)
           ~~~~~~~~~~~~~~~~~~~~~~~^^^^^^^^^
  File "D:\Work Space\dajngo\X-link\.venv\Lib\site-packages\django\template\base.py", line 166, in _render
    return self.nodelist.render(context)
           ~~~~~~~~~~~~~~~~~~~~^^^^^^^^^
  File "D:\Work Space\dajngo\X-link\.venv\Lib\site-packages\django\template\base.py", line 1091, in render
    return SafeString("".join([node.render_annotated(context) for node in self]))
                               ~~~~~~~~~~~~~~~~~~~~~^^^^^^^^^
  File "D:\Work Space\dajngo\X-link\.venv\Lib\site-packages\django\template\base.py", line 1052, in render_annotated
    return self.render(context)
           ~~~~~~~~~~~^^^^^^^^^
  File "D:\Work Space\dajngo\X-link\.venv\Lib\site-packages\django\template\loader_tags.py", line 66, in render
    result = block.nodelist.render(context)
  File "D:\Work Space\dajngo\X-link\.venv\Lib\site-packages\django\template\base.py", line 1091, in render
    return SafeString("".join([node.render_annotated(context) for node in self]))
                               ~~~~~~~~~~~~~~~~~~~~~^^^^^^^^^
  File "D:\Work Space\dajngo\X-link\.venv\Lib\site-packages\django\template\base.py", line 1052, in render_annotated
    return self.render(context)
           ~~~~~~~~~~~^^^^^^^^^
  File "D:\Work Space\dajngo\X-link\.venv\Lib\site-packages\django\template\library.py", line 325, in render
    output = self.func(*resolved_args, **resolved_kwargs)
  File "D:\Work Space\dajngo\X-link\.venv\Lib\site-packages\allauth\socialaccount\templatetags\socialaccount.py", line 21, in provider_login_url
    provider = adapter.get_provider(request, provider)
  File "D:\Work Space\dajngo\X-link\.venv\Lib\site-packages\allauth\socialaccount\adapter.py", line 212, in get_provider
    app = self.get_app(request, provider=provider, client_id=client_id)
  File "D:\Work Space\dajngo\X-link\.venv\Lib\site-packages\allauth\socialaccount\adapter.py", line 302, in get_app
    raise SocialApp.DoesNotExist()
allauth.socialaccount.models.SocialApp.DoesNotExist
ERROR 2026-01-02 16:19:15,720 log 22628 17896 "GET /register?next=/dashboard HTTP/1.1" 500 166222
INFO 2026-01-02 16:19:21,756 log 22628 17896 "GET /x/ HTTP/1.1" 200 21025
INFO 2026-01-02 16:19:21,800 log 22628 17896 "GET /static/about.css HTTP/1.1" 200 17053
INFO 2026-01-02 16:19:56,027 log 22628 17896 "GET /admin/ HTTP/1.1" 302 0
INFO 2026-01-02 16:19:56,045 log 22628 17896 "GET /admin/login/?next=/admin/ HTTP/1.1" 200 4317
INFO 2026-01-02 16:19:56,054 log 22628 6672 "GET /static/admin/css/dark_mode.css HTTP/1.1" 200 3538
INFO 2026-01-02 16:19:56,055 log 22628 17896 "GET /static/admin/css/base.css HTTP/1.1" 200 23100
INFO 2026-01-02 16:19:56,055 log 22628 1368 "GET /static/admin/js/theme.js HTTP/1.1" 200 1653
INFO 2026-01-02 16:19:56,065 log 22628 1368 "GET /static/admin/css/nav_sidebar.css HTTP/1.1" 200 2810
INFO 2026-01-02 16:19:56,065 log 22628 6672 "GET /static/admin/css/login.css HTTP/1.1" 200 951
INFO 2026-01-02 16:19:56,065 log 22628 17896 "GET /static/admin/css/rtl.css HTTP/1.1" 200 4762
INFO 2026-01-02 16:19:56,067 log 22628 17896 "GET /static/admin/css/responsive.css HTTP/1.1" 200 16194
INFO 2026-01-02 16:19:56,070 log 22628 6672 "GET /static/admin/js/nav_sidebar.js HTTP/1.1" 200 3063
INFO 2026-01-02 16:19:56,071 log 22628 17896 "GET /static/admin/css/responsive_rtl.css HTTP/1.1" 200 2157
INFO 2026-01-02 16:20:09,820 log 22628 6672 "POST /admin/login/?next=/admin/ HTTP/1.1" 302 0
INFO 2026-01-02 16:20:09,837 log 22628 6672 "GET /admin/ HTTP/1.1" 200 21983
INFO 2026-01-02 16:20:09,853 log 22628 6672 "GET /static/admin/css/dashboard.css HTTP/1.1" 200 441
INFO 2026-01-02 16:20:09,861 log 22628 17896 "GET /static/admin/img/icon-changelink.svg HTTP/1.1" 200 978
INFO 2026-01-02 16:20:09,862 log 22628 1368 "GET /static/admin/img/icon-viewlink.svg HTTP/1.1" 200 928
INFO 2026-01-02 16:20:09,861 log 22628 6672 "GET /static/admin/img/icon-addlink.svg HTTP/1.1" 200 593
INFO 2026-01-02 16:20:33,355 log 22628 1368 "GET /admin/telegram_bot/telegrammessage/ HTTP/1.1" 200 23043
INFO 2026-01-02 16:20:33,368 log 22628 1368 "GET /static/admin/css/changelists.css HTTP/1.1" 200 7501
INFO 2026-01-02 16:20:33,376 log 22628 17896 "GET /static/admin/js/jquery.init.js HTTP/1.1" 200 347
INFO 2026-01-02 16:20:33,378 log 22628 14744 "GET /static/admin/js/admin/RelatedObjectLookups.js HTTP/1.1" 200 9777
INFO 2026-01-02 16:20:33,378 log 22628 2384 "GET /static/admin/js/core.js HTTP/1.1" 200 6208
INFO 2026-01-02 16:20:33,380 log 22628 22748 "GET /static/admin/js/actions.js HTTP/1.1" 200 8076
INFO 2026-01-02 16:20:33,383 log 22628 14744 "GET /static/admin/js/prepopulate.js HTTP/1.1" 200 1531
INFO 2026-01-02 16:20:33,383 log 22628 17896 "GET /static/admin/js/urlify.js HTTP/1.1" 200 7887
INFO 2026-01-02 16:20:33,384 log 22628 1368 "GET /admin/jsi18n/ HTTP/1.1" 200 12738
INFO 2026-01-02 16:20:33,385 log 22628 22748 "GET /static/admin/img/search.svg HTTP/1.1" 200 607
INFO 2026-01-02 16:20:33,387 log 22628 6672 "GET /static/admin/js/vendor/jquery/jquery.js HTTP/1.1" 200 285314
INFO 2026-01-02 16:20:33,388 log 22628 2384 "GET /static/admin/js/vendor/xregexp/xregexp.js HTTP/1.1" 200 325171
INFO 2026-01-02 16:20:33,391 log 22628 2384 "GET /static/admin/js/filters.js HTTP/1.1" 200 978
INFO 2026-01-02 16:20:33,407 log 22628 2384 "GET /static/admin/img/tooltag-add.svg HTTP/1.1" 200 593
INFO 2026-01-02 16:20:34,150 log 22628 2384 "GET /admin/ HTTP/1.1" 200 21983
INFO 2026-01-02 16:20:35,070 log 22628 2384 "GET /admin/telegram_bot/serverresource/ HTTP/1.1" 200 21737
INFO 2026-01-02 16:20:35,086 log 22628 2384 "GET /admin/jsi18n/ HTTP/1.1" 200 12738
INFO 2026-01-02 16:20:36,014 log 22628 2384 "GET /admin/ HTTP/1.1" 200 21983
INFO 2026-01-02 16:20:37,750 log 22628 2384 "GET /admin/telegram_bot/telegrambot/ HTTP/1.1" 200 22557
INFO 2026-01-02 16:20:37,767 log 22628 2384 "GET /admin/jsi18n/ HTTP/1.1" 200 12738
INFO 2026-01-02 16:20:42,316 log 22628 2384 "GET /admin/telegram_bot/telegrambot/add/ HTTP/1.1" 200 26992
INFO 2026-01-02 16:20:42,328 log 22628 2384 "GET /static/admin/css/forms.css HTTP/1.1" 200 8844
INFO 2026-01-02 16:20:42,333 log 22628 6672 "GET /static/admin/js/prepopulate_init.js HTTP/1.1" 200 586
INFO 2026-01-02 16:20:42,333 log 22628 22748 "GET /static/admin/css/widgets.css HTTP/1.1" 200 11811
INFO 2026-01-02 16:20:42,335 log 22628 2384 "GET /admin/jsi18n/ HTTP/1.1" 200 12738
INFO 2026-01-02 16:20:42,336 log 22628 6672 "GET /static/admin/js/change_form.js HTTP/1.1" 200 606
INFO 2026-01-02 16:25:13,664 log 22628 6672 "POST /admin/telegram_bot/telegrambot/add/ HTTP/1.1" 200 27318
INFO 2026-01-02 16:25:13,684 log 22628 6672 "GET /admin/jsi18n/ HTTP/1.1" 200 12738
INFO 2026-01-02 16:25:24,385 log 22628 6672 "POST /admin/telegram_bot/telegrambot/add/ HTTP/1.1" 200 27323
INFO 2026-01-02 16:25:24,406 log 22628 6672 "GET /admin/jsi18n/ HTTP/1.1" 200 12738
INFO 2026-01-02 16:26:15,525 log 22628 6672 "POST /admin/telegram_bot/telegrambot/add/ HTTP/1.1" 200 27325
INFO 2026-01-02 16:26:15,544 log 22628 6672 "GET /admin/jsi18n/ HTTP/1.1" 200 12738
INFO 2026-01-02 16:26:16,451 log 22628 6672 "POST /admin/telegram_bot/telegrambot/add/ HTTP/1.1" 200 27325
INFO 2026-01-02 16:26:16,472 log 22628 6672 "GET /admin/jsi18n/ HTTP/1.1" 200 12738
INFO 2026-01-02 16:26:26,481 log 22628 6672 "POST /admin/telegram_bot/telegrambot/add/ HTTP/1.1" 200 27321
INFO 2026-01-02 16:26:26,500 log 22628 6672 "GET /admin/jsi18n/ HTTP/1.1" 200 12738
INFO 2026-01-02 16:26:27,027 log 22628 6672 "POST /admin/telegram_bot/telegrambot/add/ HTTP/1.1" 200 27321
INFO 2026-01-02 16:26:27,044 log 22628 6672 "GET /admin/jsi18n/ HTTP/1.1" 200 12738
INFO 2026-01-02 16:26:27,214 log 22628 6672 "POST /admin/telegram_bot/telegrambot/add/ HTTP/1.1" 200 27321
INFO 2026-01-02 16:26:27,231 log 22628 6672 "GET /admin/jsi18n/ HTTP/1.1" 200 12738
INFO 2026-01-02 16:26:27,385 log 22628 6672 "POST /admin/telegram_bot/telegrambot/add/ HTTP/1.1" 200 27321
INFO 2026-01-02 16:26:27,402 log 22628 6672 "GET /admin/jsi18n/ HTTP/1.1" 200 12738
INFO 2026-01-02 16:26:27,561 log 22628 6672 "POST /admin/telegram_bot/telegrambot/add/ HTTP/1.1" 200 27321
INFO 2026-01-02 16:26:27,579 log 22628 6672 "GET /admin/jsi18n/ HTTP/1.1" 200 12738
INFO 2026-01-02 16:26:27,717 log 22628 6672 "POST /admin/telegram_bot/telegrambot/add/ HTTP/1.1" 200 27321
INFO 2026-01-02 16:26:27,734 log 22628 6672 "GET /admin/jsi18n/ HTTP/1.1" 200 12738
INFO 2026-01-02 16:26:46,646 log 22628 6672 "POST /admin/telegram_bot/telegrambot/add/ HTTP/1.1" 302 0
INFO 2026-01-02 16:26:46,662 log 22628 6672 "GET /admin/telegram_bot/telegrambot/ HTTP/1.1" 200 24927
INFO 2026-01-02 16:26:46,682 log 22628 7696 "GET /static/admin/img/icon-yes.svg HTTP/1.1" 200 558
INFO 2026-01-02 16:26:46,683 log 22628 6672 "GET /admin/jsi18n/ HTTP/1.1" 200 12738
INFO 2026-01-02 16:32:59,056 autoreload 22628 21444 D:\Work Space\dajngo\X-link\config\settings.py changed, reloading.
INFO 2026-01-02 16:32:59,775 autoreload 17656 18440 Watching for file changes with StatReloader
INFO 2026-01-02 16:33:17,812 autoreload 17656 18440 D:\Work Space\dajngo\X-link\core\models.py changed, reloading.
INFO 2026-01-02 16:33:18,434 autoreload 25460 25268 Watching for file changes with StatReloader
INFO 2026-01-02 16:33:21,989 autoreload 25460 25268 D:\Work Space\dajngo\X-link\core\models.py changed, reloading.
INFO 2026-01-02 16:33:22,654 autoreload 25552 25556 Watching for file changes with StatReloader
INFO 2026-01-02 16:36:57,327 autoreload 25552 25556 D:\Work Space\dajngo\X-link\core\models.py changed, reloading.
INFO 2026-01-02 16:36:57,866 autoreload 20576 7596 Watching for file changes with StatReloader
INFO 2026-01-02 16:37:07,995 log 20576 21220 "GET / HTTP/1.1" 200 16755
INFO 2026-01-02 16:37:09,539 log 20576 21220 "GET / HTTP/1.1" 200 16755
INFO 2026-01-02 16:37:11,032 log 20576 21220 "GET /dashboard HTTP/1.1" 200 32610
INFO 2026-01-02 16:37:11,044 log 20576 21220 "GET /static/dashboard-themed.css HTTP/1.1" 304 0
INFO 2026-01-02 16:37:14,108 log 20576 21220 "GET /card/builder/ HTTP/1.1" 200 36941
WARNING 2026-01-02 16:37:45,209 log 20576 21220 Not Found: /admin/telegram_bot/telegrambot/
WARNING 2026-01-02 16:37:45,209 log 20576 21220 "GET /admin/telegram_bot/telegrambot/ HTTP/1.1" 404 9160
WARNING 2026-01-02 16:37:49,474 log 20576 21220 Not Found: /admin/telegram_bot/telegrambot/add/
WARNING 2026-01-02 16:37:49,475 log 20576 21220 "GET /admin/telegram_bot/telegrambot/add/ HTTP/1.1" 404 9172
WARNING 2026-01-02 16:37:50,065 log 20576 21220 Not Found: /admin/telegram_bot/telegrambot/
WARNING 2026-01-02 16:37:50,066 log 20576 21220 "GET /admin/telegram_bot/telegrambot/ HTTP/1.1" 404 9160
INFO 2026-01-02 16:37:50,433 log 20576 21220 "GET /admin/ HTTP/1.1" 200 19638
INFO 2026-01-02 16:37:51,198 log 20576 21220 "GET /admin/ HTTP/1.1" 200 19638
INFO 2026-01-02 16:39:44,034 log 20576 21220 "GET /admin/ HTTP/1.1" 200 19638
INFO 2026-01-02 16:39:44,424 autoreload 20576 7596 D:\Work Space\dajngo\X-link\core\admin.py changed, reloading.
INFO 2026-01-02 16:39:45,044 autoreload 24808 12960 Watching for file changes with StatReloader
INFO 2026-01-02 16:39:45,384 log 24808 2064 "GET /admin/ HTTP/1.1" 200 20276
INFO 2026-01-02 16:39:46,757 log 24808 2064 "GET /admin/core/telegrambot/ HTTP/1.1" 200 18794
INFO 2026-01-02 16:39:46,774 log 24808 2064 "GET /admin/jsi18n/ HTTP/1.1" 200 12738
INFO 2026-01-02 16:39:48,165 log 24808 2064 "GET /admin/core/telegrambot/add/ HTTP/1.1" 200 24892
INFO 2026-01-02 16:39:48,186 log 24808 2064 "GET /admin/jsi18n/ HTTP/1.1" 200 12738
INFO 2026-01-02 16:39:48,224 log 24808 10272 "GET /static/admin/js/calendar.js HTTP/1.1" 200 9159
INFO 2026-01-02 16:39:48,225 log 24808 22864 "GET /static/admin/js/admin/DateTimeShortcuts.js HTTP/1.1" 200 19698
INFO 2026-01-02 16:39:48,251 log 24808 22864 "GET /static/admin/img/icon-calendar.svg HTTP/1.1" 200 1112
INFO 2026-01-02 16:39:48,251 log 24808 10272 "GET /static/admin/img/icon-clock.svg HTTP/1.1" 200 805
INFO 2026-01-02 16:40:12,731 log 24808 10272 "POST /admin/core/telegrambot/add/ HTTP/1.1" 302 0
INFO 2026-01-02 16:40:12,748 log 24808 10272 "GET /admin/core/telegrambot/ HTTP/1.1" 200 20381
INFO 2026-01-02 16:40:12,766 log 24808 10272 "GET /admin/jsi18n/ HTTP/1.1" 200 12738
INFO 2026-01-02 16:40:16,504 run_telegram_bot 19336 24852 Starting Telegram bot...
ERROR 2026-01-02 16:40:16,818 run_telegram_bot 19336 24852 Bot crashed: 'Updater' object has no attribute '_Updater__polling_cleanup_cb' and no __dict__ for setting new attributes
ERROR 2026-01-02 16:40:16,819 run_telegram_bot 19336 24852 Bot startup failed: 'Updater' object has no attribute '_Updater__polling_cleanup_cb' and no __dict__ for setting new attributes
INFO 2026-01-02 16:40:23,159 run_telegram_bot 24840 15440 Starting Telegram bot...
ERROR 2026-01-02 16:40:23,472 run_telegram_bot 24840 15440 Bot crashed: 'Updater' object has no attribute '_Updater__polling_cleanup_cb' and no __dict__ for setting new attributes
ERROR 2026-01-02 16:40:23,473 run_telegram_bot 24840 15440 Bot startup failed: 'Updater' object has no attribute '_Updater__polling_cleanup_cb' and no __dict__ for setting new attributes
INFO 2026-01-02 16:44:59,190 autoreload 24808 12960 D:\Work Space\dajngo\X-link\core\signals.py changed, reloading.
INFO 2026-01-02 16:44:59,779 autoreload 8964 7620 Watching for file changes with StatReloader
